2019-02-15 15:59:24 [scrapy.utils.log] INFO: Scrapy 1.5.2 started (bot: tencentCrawlSpider)
2019-02-15 15:59:24 [scrapy.utils.log] INFO: Versions: lxml 4.2.5.0, libxml2 2.9.8, cssselect 1.0.3, parsel 1.5.1, w3lib 1.20.0, Twisted 18.9.0, Python 3.7.1 (default, Dec 10 2018, 22:54:23) [MSC v.1915 64 bit (AMD64)], pyOpenSSL 18.0.0 (OpenSSL 1.1.1a  20 Nov 2018), cryptography 2.4.2, Platform Windows-10-10.0.17134-SP0
2019-02-15 15:59:24 [scrapy.crawler] INFO: Overridden settings: {'BOT_NAME': 'tencentCrawlSpider', 'LOG_FILE': 'tencentlog.log', 'LOG_LEVEL': 'INFO', 'NEWSPIDER_MODULE': 'tencentCrawlSpider.spiders', 'ROBOTSTXT_OBEY': True, 'SPIDER_MODULES': ['tencentCrawlSpider.spiders']}
2019-02-15 15:59:24 [scrapy.extensions.telnet] INFO: Telnet Password: a67799ec5b505473
2019-02-15 15:59:24 [scrapy.middleware] INFO: Enabled extensions:
['scrapy.extensions.corestats.CoreStats',
 'scrapy.extensions.telnet.TelnetConsole',
 'scrapy.extensions.logstats.LogStats']
2019-02-15 15:59:24 [scrapy.middleware] INFO: Enabled downloader middlewares:
['scrapy.downloadermiddlewares.robotstxt.RobotsTxtMiddleware',
 'scrapy.downloadermiddlewares.httpauth.HttpAuthMiddleware',
 'scrapy.downloadermiddlewares.downloadtimeout.DownloadTimeoutMiddleware',
 'scrapy.downloadermiddlewares.defaultheaders.DefaultHeadersMiddleware',
 'scrapy.downloadermiddlewares.useragent.UserAgentMiddleware',
 'scrapy.downloadermiddlewares.retry.RetryMiddleware',
 'scrapy.downloadermiddlewares.redirect.MetaRefreshMiddleware',
 'scrapy.downloadermiddlewares.httpcompression.HttpCompressionMiddleware',
 'scrapy.downloadermiddlewares.redirect.RedirectMiddleware',
 'scrapy.downloadermiddlewares.cookies.CookiesMiddleware',
 'scrapy.downloadermiddlewares.httpproxy.HttpProxyMiddleware',
 'scrapy.downloadermiddlewares.stats.DownloaderStats']
2019-02-15 15:59:24 [scrapy.middleware] INFO: Enabled spider middlewares:
['scrapy.spidermiddlewares.httperror.HttpErrorMiddleware',
 'scrapy.spidermiddlewares.offsite.OffsiteMiddleware',
 'scrapy.spidermiddlewares.referer.RefererMiddleware',
 'scrapy.spidermiddlewares.urllength.UrlLengthMiddleware',
 'scrapy.spidermiddlewares.depth.DepthMiddleware']
2019-02-15 15:59:24 [scrapy.middleware] INFO: Enabled item pipelines:
['tencentCrawlSpider.pipelines.TencentcrawlspiderPipeline']
2019-02-15 15:59:24 [scrapy.core.engine] INFO: Spider opened
2019-02-15 15:59:24 [scrapy.extensions.logstats] INFO: Crawled 0 pages (at 0 pages/min), scraped 0 items (at 0 items/min)
2019-02-15 15:59:29 [scrapy.core.scraper] ERROR: Spider error processing <GET https://hr.tencent.com/position.php?&start=2680#a> (referer: https://hr.tencent.com/position.php?&start=2720)
Traceback (most recent call last):
  File "c:\users\haoch\anaconda3\lib\site-packages\scrapy\utils\defer.py", line 102, in iter_errback
    yield next(it)
  File "c:\users\haoch\anaconda3\lib\site-packages\scrapy\spidermiddlewares\offsite.py", line 30, in process_spider_output
    for x in result:
  File "c:\users\haoch\anaconda3\lib\site-packages\scrapy\spidermiddlewares\referer.py", line 339, in <genexpr>
    return (_set_referer(r) for r in result or ())
  File "c:\users\haoch\anaconda3\lib\site-packages\scrapy\spidermiddlewares\urllength.py", line 37, in <genexpr>
    return (r for r in result or () if _filter(r))
  File "c:\users\haoch\anaconda3\lib\site-packages\scrapy\spidermiddlewares\depth.py", line 58, in <genexpr>
    return (r for r in result or () if _filter(r))
  File "c:\users\haoch\anaconda3\lib\site-packages\scrapy\spiders\crawl.py", line 78, in _parse_response
    for requests_or_item in iterate_spider_output(cb_res):
  File "C:\Users\haoch\Desktop\Scrapy案例\tencentCrawlSpider\tencentCrawlSpider\spiders\tencent.py", line 32, in parseTencent
    item['positionType'] = each.xpath("./td[2]/text()").extract()[0]
IndexError: list index out of range
2019-02-15 15:59:31 [scrapy.core.scraper] ERROR: Spider error processing <GET https://hr.tencent.com/position.php?&start=2580#a> (referer: https://hr.tencent.com/position.php?&start=2620)
Traceback (most recent call last):
  File "c:\users\haoch\anaconda3\lib\site-packages\scrapy\utils\defer.py", line 102, in iter_errback
    yield next(it)
  File "c:\users\haoch\anaconda3\lib\site-packages\scrapy\spidermiddlewares\offsite.py", line 30, in process_spider_output
    for x in result:
  File "c:\users\haoch\anaconda3\lib\site-packages\scrapy\spidermiddlewares\referer.py", line 339, in <genexpr>
    return (_set_referer(r) for r in result or ())
  File "c:\users\haoch\anaconda3\lib\site-packages\scrapy\spidermiddlewares\urllength.py", line 37, in <genexpr>
    return (r for r in result or () if _filter(r))
  File "c:\users\haoch\anaconda3\lib\site-packages\scrapy\spidermiddlewares\depth.py", line 58, in <genexpr>
    return (r for r in result or () if _filter(r))
  File "c:\users\haoch\anaconda3\lib\site-packages\scrapy\spiders\crawl.py", line 78, in _parse_response
    for requests_or_item in iterate_spider_output(cb_res):
  File "C:\Users\haoch\Desktop\Scrapy案例\tencentCrawlSpider\tencentCrawlSpider\spiders\tencent.py", line 32, in parseTencent
    item['positionType'] = each.xpath("./td[2]/text()").extract()[0]
IndexError: list index out of range
2019-02-15 15:59:36 [scrapy.core.scraper] ERROR: Spider error processing <GET https://hr.tencent.com/position.php?&start=480#a> (referer: https://hr.tencent.com/position.php?&start=450)
Traceback (most recent call last):
  File "c:\users\haoch\anaconda3\lib\site-packages\scrapy\utils\defer.py", line 102, in iter_errback
    yield next(it)
  File "c:\users\haoch\anaconda3\lib\site-packages\scrapy\spidermiddlewares\offsite.py", line 30, in process_spider_output
    for x in result:
  File "c:\users\haoch\anaconda3\lib\site-packages\scrapy\spidermiddlewares\referer.py", line 339, in <genexpr>
    return (_set_referer(r) for r in result or ())
  File "c:\users\haoch\anaconda3\lib\site-packages\scrapy\spidermiddlewares\urllength.py", line 37, in <genexpr>
    return (r for r in result or () if _filter(r))
  File "c:\users\haoch\anaconda3\lib\site-packages\scrapy\spidermiddlewares\depth.py", line 58, in <genexpr>
    return (r for r in result or () if _filter(r))
  File "c:\users\haoch\anaconda3\lib\site-packages\scrapy\spiders\crawl.py", line 78, in _parse_response
    for requests_or_item in iterate_spider_output(cb_res):
  File "C:\Users\haoch\Desktop\Scrapy案例\tencentCrawlSpider\tencentCrawlSpider\spiders\tencent.py", line 32, in parseTencent
    item['positionType'] = each.xpath("./td[2]/text()").extract()[0]
IndexError: list index out of range
2019-02-15 15:59:37 [scrapy.core.scraper] ERROR: Spider error processing <GET https://hr.tencent.com/position.php?&start=2130#a> (referer: https://hr.tencent.com/position.php?&start=2170)
Traceback (most recent call last):
  File "c:\users\haoch\anaconda3\lib\site-packages\scrapy\utils\defer.py", line 102, in iter_errback
    yield next(it)
  File "c:\users\haoch\anaconda3\lib\site-packages\scrapy\spidermiddlewares\offsite.py", line 30, in process_spider_output
    for x in result:
  File "c:\users\haoch\anaconda3\lib\site-packages\scrapy\spidermiddlewares\referer.py", line 339, in <genexpr>
    return (_set_referer(r) for r in result or ())
  File "c:\users\haoch\anaconda3\lib\site-packages\scrapy\spidermiddlewares\urllength.py", line 37, in <genexpr>
    return (r for r in result or () if _filter(r))
  File "c:\users\haoch\anaconda3\lib\site-packages\scrapy\spidermiddlewares\depth.py", line 58, in <genexpr>
    return (r for r in result or () if _filter(r))
  File "c:\users\haoch\anaconda3\lib\site-packages\scrapy\spiders\crawl.py", line 78, in _parse_response
    for requests_or_item in iterate_spider_output(cb_res):
  File "C:\Users\haoch\Desktop\Scrapy案例\tencentCrawlSpider\tencentCrawlSpider\spiders\tencent.py", line 32, in parseTencent
    item['positionType'] = each.xpath("./td[2]/text()").extract()[0]
IndexError: list index out of range
2019-02-15 15:59:37 [scrapy.core.scraper] ERROR: Spider error processing <GET https://hr.tencent.com/position.php?&start=530#a> (referer: https://hr.tencent.com/position.php?&start=500)
Traceback (most recent call last):
  File "c:\users\haoch\anaconda3\lib\site-packages\scrapy\utils\defer.py", line 102, in iter_errback
    yield next(it)
  File "c:\users\haoch\anaconda3\lib\site-packages\scrapy\spidermiddlewares\offsite.py", line 30, in process_spider_output
    for x in result:
  File "c:\users\haoch\anaconda3\lib\site-packages\scrapy\spidermiddlewares\referer.py", line 339, in <genexpr>
    return (_set_referer(r) for r in result or ())
  File "c:\users\haoch\anaconda3\lib\site-packages\scrapy\spidermiddlewares\urllength.py", line 37, in <genexpr>
    return (r for r in result or () if _filter(r))
  File "c:\users\haoch\anaconda3\lib\site-packages\scrapy\spidermiddlewares\depth.py", line 58, in <genexpr>
    return (r for r in result or () if _filter(r))
  File "c:\users\haoch\anaconda3\lib\site-packages\scrapy\spiders\crawl.py", line 78, in _parse_response
    for requests_or_item in iterate_spider_output(cb_res):
  File "C:\Users\haoch\Desktop\Scrapy案例\tencentCrawlSpider\tencentCrawlSpider\spiders\tencent.py", line 32, in parseTencent
    item['positionType'] = each.xpath("./td[2]/text()").extract()[0]
IndexError: list index out of range
2019-02-15 15:59:40 [scrapy.core.scraper] ERROR: Spider error processing <GET https://hr.tencent.com/position.php?&start=650#a> (referer: https://hr.tencent.com/position.php?&start=620)
Traceback (most recent call last):
  File "c:\users\haoch\anaconda3\lib\site-packages\scrapy\utils\defer.py", line 102, in iter_errback
    yield next(it)
  File "c:\users\haoch\anaconda3\lib\site-packages\scrapy\spidermiddlewares\offsite.py", line 30, in process_spider_output
    for x in result:
  File "c:\users\haoch\anaconda3\lib\site-packages\scrapy\spidermiddlewares\referer.py", line 339, in <genexpr>
    return (_set_referer(r) for r in result or ())
  File "c:\users\haoch\anaconda3\lib\site-packages\scrapy\spidermiddlewares\urllength.py", line 37, in <genexpr>
    return (r for r in result or () if _filter(r))
  File "c:\users\haoch\anaconda3\lib\site-packages\scrapy\spidermiddlewares\depth.py", line 58, in <genexpr>
    return (r for r in result or () if _filter(r))
  File "c:\users\haoch\anaconda3\lib\site-packages\scrapy\spiders\crawl.py", line 78, in _parse_response
    for requests_or_item in iterate_spider_output(cb_res):
  File "C:\Users\haoch\Desktop\Scrapy案例\tencentCrawlSpider\tencentCrawlSpider\spiders\tencent.py", line 32, in parseTencent
    item['positionType'] = each.xpath("./td[2]/text()").extract()[0]
IndexError: list index out of range
2019-02-15 15:59:40 [scrapy.core.scraper] ERROR: Spider error processing <GET https://hr.tencent.com/position.php?&start=1870#a> (referer: https://hr.tencent.com/position.php?&start=1910)
Traceback (most recent call last):
  File "c:\users\haoch\anaconda3\lib\site-packages\scrapy\utils\defer.py", line 102, in iter_errback
    yield next(it)
  File "c:\users\haoch\anaconda3\lib\site-packages\scrapy\spidermiddlewares\offsite.py", line 30, in process_spider_output
    for x in result:
  File "c:\users\haoch\anaconda3\lib\site-packages\scrapy\spidermiddlewares\referer.py", line 339, in <genexpr>
    return (_set_referer(r) for r in result or ())
  File "c:\users\haoch\anaconda3\lib\site-packages\scrapy\spidermiddlewares\urllength.py", line 37, in <genexpr>
    return (r for r in result or () if _filter(r))
  File "c:\users\haoch\anaconda3\lib\site-packages\scrapy\spidermiddlewares\depth.py", line 58, in <genexpr>
    return (r for r in result or () if _filter(r))
  File "c:\users\haoch\anaconda3\lib\site-packages\scrapy\spiders\crawl.py", line 78, in _parse_response
    for requests_or_item in iterate_spider_output(cb_res):
  File "C:\Users\haoch\Desktop\Scrapy案例\tencentCrawlSpider\tencentCrawlSpider\spiders\tencent.py", line 32, in parseTencent
    item['positionType'] = each.xpath("./td[2]/text()").extract()[0]
IndexError: list index out of range
2019-02-15 15:59:40 [scrapy.core.scraper] ERROR: Spider error processing <GET https://hr.tencent.com/position.php?&start=1880#a> (referer: https://hr.tencent.com/position.php?&start=1910)
Traceback (most recent call last):
  File "c:\users\haoch\anaconda3\lib\site-packages\scrapy\utils\defer.py", line 102, in iter_errback
    yield next(it)
  File "c:\users\haoch\anaconda3\lib\site-packages\scrapy\spidermiddlewares\offsite.py", line 30, in process_spider_output
    for x in result:
  File "c:\users\haoch\anaconda3\lib\site-packages\scrapy\spidermiddlewares\referer.py", line 339, in <genexpr>
    return (_set_referer(r) for r in result or ())
  File "c:\users\haoch\anaconda3\lib\site-packages\scrapy\spidermiddlewares\urllength.py", line 37, in <genexpr>
    return (r for r in result or () if _filter(r))
  File "c:\users\haoch\anaconda3\lib\site-packages\scrapy\spidermiddlewares\depth.py", line 58, in <genexpr>
    return (r for r in result or () if _filter(r))
  File "c:\users\haoch\anaconda3\lib\site-packages\scrapy\spiders\crawl.py", line 78, in _parse_response
    for requests_or_item in iterate_spider_output(cb_res):
  File "C:\Users\haoch\Desktop\Scrapy案例\tencentCrawlSpider\tencentCrawlSpider\spiders\tencent.py", line 32, in parseTencent
    item['positionType'] = each.xpath("./td[2]/text()").extract()[0]
IndexError: list index out of range
2019-02-15 15:59:42 [scrapy.core.scraper] ERROR: Spider error processing <GET https://hr.tencent.com/position.php?&start=760#a> (referer: https://hr.tencent.com/position.php?&start=730)
Traceback (most recent call last):
  File "c:\users\haoch\anaconda3\lib\site-packages\scrapy\utils\defer.py", line 102, in iter_errback
    yield next(it)
  File "c:\users\haoch\anaconda3\lib\site-packages\scrapy\spidermiddlewares\offsite.py", line 30, in process_spider_output
    for x in result:
  File "c:\users\haoch\anaconda3\lib\site-packages\scrapy\spidermiddlewares\referer.py", line 339, in <genexpr>
    return (_set_referer(r) for r in result or ())
  File "c:\users\haoch\anaconda3\lib\site-packages\scrapy\spidermiddlewares\urllength.py", line 37, in <genexpr>
    return (r for r in result or () if _filter(r))
  File "c:\users\haoch\anaconda3\lib\site-packages\scrapy\spidermiddlewares\depth.py", line 58, in <genexpr>
    return (r for r in result or () if _filter(r))
  File "c:\users\haoch\anaconda3\lib\site-packages\scrapy\spiders\crawl.py", line 78, in _parse_response
    for requests_or_item in iterate_spider_output(cb_res):
  File "C:\Users\haoch\Desktop\Scrapy案例\tencentCrawlSpider\tencentCrawlSpider\spiders\tencent.py", line 32, in parseTencent
    item['positionType'] = each.xpath("./td[2]/text()").extract()[0]
IndexError: list index out of range
2019-02-15 15:59:43 [scrapy.core.scraper] ERROR: Spider error processing <GET https://hr.tencent.com/position.php?&start=820#a> (referer: https://hr.tencent.com/position.php?&start=790)
Traceback (most recent call last):
  File "c:\users\haoch\anaconda3\lib\site-packages\scrapy\utils\defer.py", line 102, in iter_errback
    yield next(it)
  File "c:\users\haoch\anaconda3\lib\site-packages\scrapy\spidermiddlewares\offsite.py", line 30, in process_spider_output
    for x in result:
  File "c:\users\haoch\anaconda3\lib\site-packages\scrapy\spidermiddlewares\referer.py", line 339, in <genexpr>
    return (_set_referer(r) for r in result or ())
  File "c:\users\haoch\anaconda3\lib\site-packages\scrapy\spidermiddlewares\urllength.py", line 37, in <genexpr>
    return (r for r in result or () if _filter(r))
  File "c:\users\haoch\anaconda3\lib\site-packages\scrapy\spidermiddlewares\depth.py", line 58, in <genexpr>
    return (r for r in result or () if _filter(r))
  File "c:\users\haoch\anaconda3\lib\site-packages\scrapy\spiders\crawl.py", line 78, in _parse_response
    for requests_or_item in iterate_spider_output(cb_res):
  File "C:\Users\haoch\Desktop\Scrapy案例\tencentCrawlSpider\tencentCrawlSpider\spiders\tencent.py", line 32, in parseTencent
    item['positionType'] = each.xpath("./td[2]/text()").extract()[0]
IndexError: list index out of range
2019-02-15 15:59:44 [scrapy.core.scraper] ERROR: Spider error processing <GET https://hr.tencent.com/position.php?&start=1660#a> (referer: https://hr.tencent.com/position.php?&start=1700)
Traceback (most recent call last):
  File "c:\users\haoch\anaconda3\lib\site-packages\scrapy\utils\defer.py", line 102, in iter_errback
    yield next(it)
  File "c:\users\haoch\anaconda3\lib\site-packages\scrapy\spidermiddlewares\offsite.py", line 30, in process_spider_output
    for x in result:
  File "c:\users\haoch\anaconda3\lib\site-packages\scrapy\spidermiddlewares\referer.py", line 339, in <genexpr>
    return (_set_referer(r) for r in result or ())
  File "c:\users\haoch\anaconda3\lib\site-packages\scrapy\spidermiddlewares\urllength.py", line 37, in <genexpr>
    return (r for r in result or () if _filter(r))
  File "c:\users\haoch\anaconda3\lib\site-packages\scrapy\spidermiddlewares\depth.py", line 58, in <genexpr>
    return (r for r in result or () if _filter(r))
  File "c:\users\haoch\anaconda3\lib\site-packages\scrapy\spiders\crawl.py", line 78, in _parse_response
    for requests_or_item in iterate_spider_output(cb_res):
  File "C:\Users\haoch\Desktop\Scrapy案例\tencentCrawlSpider\tencentCrawlSpider\spiders\tencent.py", line 32, in parseTencent
    item['positionType'] = each.xpath("./td[2]/text()").extract()[0]
IndexError: list index out of range
2019-02-15 15:59:44 [scrapy.core.scraper] ERROR: Spider error processing <GET https://hr.tencent.com/position.php?&start=1690#a> (referer: https://hr.tencent.com/position.php?&start=1710)
Traceback (most recent call last):
  File "c:\users\haoch\anaconda3\lib\site-packages\scrapy\utils\defer.py", line 102, in iter_errback
    yield next(it)
  File "c:\users\haoch\anaconda3\lib\site-packages\scrapy\spidermiddlewares\offsite.py", line 30, in process_spider_output
    for x in result:
  File "c:\users\haoch\anaconda3\lib\site-packages\scrapy\spidermiddlewares\referer.py", line 339, in <genexpr>
    return (_set_referer(r) for r in result or ())
  File "c:\users\haoch\anaconda3\lib\site-packages\scrapy\spidermiddlewares\urllength.py", line 37, in <genexpr>
    return (r for r in result or () if _filter(r))
  File "c:\users\haoch\anaconda3\lib\site-packages\scrapy\spidermiddlewares\depth.py", line 58, in <genexpr>
    return (r for r in result or () if _filter(r))
  File "c:\users\haoch\anaconda3\lib\site-packages\scrapy\spiders\crawl.py", line 78, in _parse_response
    for requests_or_item in iterate_spider_output(cb_res):
  File "C:\Users\haoch\Desktop\Scrapy案例\tencentCrawlSpider\tencentCrawlSpider\spiders\tencent.py", line 32, in parseTencent
    item['positionType'] = each.xpath("./td[2]/text()").extract()[0]
IndexError: list index out of range
2019-02-15 15:59:46 [scrapy.core.scraper] ERROR: Spider error processing <GET https://hr.tencent.com/position.php?&start=990#a> (referer: https://hr.tencent.com/position.php?&start=960)
Traceback (most recent call last):
  File "c:\users\haoch\anaconda3\lib\site-packages\scrapy\utils\defer.py", line 102, in iter_errback
    yield next(it)
  File "c:\users\haoch\anaconda3\lib\site-packages\scrapy\spidermiddlewares\offsite.py", line 30, in process_spider_output
    for x in result:
  File "c:\users\haoch\anaconda3\lib\site-packages\scrapy\spidermiddlewares\referer.py", line 339, in <genexpr>
    return (_set_referer(r) for r in result or ())
  File "c:\users\haoch\anaconda3\lib\site-packages\scrapy\spidermiddlewares\urllength.py", line 37, in <genexpr>
    return (r for r in result or () if _filter(r))
  File "c:\users\haoch\anaconda3\lib\site-packages\scrapy\spidermiddlewares\depth.py", line 58, in <genexpr>
    return (r for r in result or () if _filter(r))
  File "c:\users\haoch\anaconda3\lib\site-packages\scrapy\spiders\crawl.py", line 78, in _parse_response
    for requests_or_item in iterate_spider_output(cb_res):
  File "C:\Users\haoch\Desktop\Scrapy案例\tencentCrawlSpider\tencentCrawlSpider\spiders\tencent.py", line 32, in parseTencent
    item['positionType'] = each.xpath("./td[2]/text()").extract()[0]
IndexError: list index out of range
2019-02-15 15:59:48 [scrapy.core.scraper] ERROR: Spider error processing <GET https://hr.tencent.com/position.php?&start=1100#a> (referer: https://hr.tencent.com/position.php?&start=1070)
Traceback (most recent call last):
  File "c:\users\haoch\anaconda3\lib\site-packages\scrapy\utils\defer.py", line 102, in iter_errback
    yield next(it)
  File "c:\users\haoch\anaconda3\lib\site-packages\scrapy\spidermiddlewares\offsite.py", line 30, in process_spider_output
    for x in result:
  File "c:\users\haoch\anaconda3\lib\site-packages\scrapy\spidermiddlewares\referer.py", line 339, in <genexpr>
    return (_set_referer(r) for r in result or ())
  File "c:\users\haoch\anaconda3\lib\site-packages\scrapy\spidermiddlewares\urllength.py", line 37, in <genexpr>
    return (r for r in result or () if _filter(r))
  File "c:\users\haoch\anaconda3\lib\site-packages\scrapy\spidermiddlewares\depth.py", line 58, in <genexpr>
    return (r for r in result or () if _filter(r))
  File "c:\users\haoch\anaconda3\lib\site-packages\scrapy\spiders\crawl.py", line 78, in _parse_response
    for requests_or_item in iterate_spider_output(cb_res):
  File "C:\Users\haoch\Desktop\Scrapy案例\tencentCrawlSpider\tencentCrawlSpider\spiders\tencent.py", line 32, in parseTencent
    item['positionType'] = each.xpath("./td[2]/text()").extract()[0]
IndexError: list index out of range
2019-02-15 15:59:50 [scrapy.core.scraper] ERROR: Spider error processing <GET https://hr.tencent.com/position.php?&start=1240#a> (referer: https://hr.tencent.com/position.php?&start=1280)
Traceback (most recent call last):
  File "c:\users\haoch\anaconda3\lib\site-packages\scrapy\utils\defer.py", line 102, in iter_errback
    yield next(it)
  File "c:\users\haoch\anaconda3\lib\site-packages\scrapy\spidermiddlewares\offsite.py", line 30, in process_spider_output
    for x in result:
  File "c:\users\haoch\anaconda3\lib\site-packages\scrapy\spidermiddlewares\referer.py", line 339, in <genexpr>
    return (_set_referer(r) for r in result or ())
  File "c:\users\haoch\anaconda3\lib\site-packages\scrapy\spidermiddlewares\urllength.py", line 37, in <genexpr>
    return (r for r in result or () if _filter(r))
  File "c:\users\haoch\anaconda3\lib\site-packages\scrapy\spidermiddlewares\depth.py", line 58, in <genexpr>
    return (r for r in result or () if _filter(r))
  File "c:\users\haoch\anaconda3\lib\site-packages\scrapy\spiders\crawl.py", line 78, in _parse_response
    for requests_or_item in iterate_spider_output(cb_res):
  File "C:\Users\haoch\Desktop\Scrapy案例\tencentCrawlSpider\tencentCrawlSpider\spiders\tencent.py", line 32, in parseTencent
    item['positionType'] = each.xpath("./td[2]/text()").extract()[0]
IndexError: list index out of range
2019-02-15 15:59:50 [scrapy.core.scraper] ERROR: Spider error processing <GET https://hr.tencent.com/position.php?&start=1200#a> (referer: https://hr.tencent.com/position.php?&start=1170)
Traceback (most recent call last):
  File "c:\users\haoch\anaconda3\lib\site-packages\scrapy\utils\defer.py", line 102, in iter_errback
    yield next(it)
  File "c:\users\haoch\anaconda3\lib\site-packages\scrapy\spidermiddlewares\offsite.py", line 30, in process_spider_output
    for x in result:
  File "c:\users\haoch\anaconda3\lib\site-packages\scrapy\spidermiddlewares\referer.py", line 339, in <genexpr>
    return (_set_referer(r) for r in result or ())
  File "c:\users\haoch\anaconda3\lib\site-packages\scrapy\spidermiddlewares\urllength.py", line 37, in <genexpr>
    return (r for r in result or () if _filter(r))
  File "c:\users\haoch\anaconda3\lib\site-packages\scrapy\spidermiddlewares\depth.py", line 58, in <genexpr>
    return (r for r in result or () if _filter(r))
  File "c:\users\haoch\anaconda3\lib\site-packages\scrapy\spiders\crawl.py", line 78, in _parse_response
    for requests_or_item in iterate_spider_output(cb_res):
  File "C:\Users\haoch\Desktop\Scrapy案例\tencentCrawlSpider\tencentCrawlSpider\spiders\tencent.py", line 32, in parseTencent
    item['positionType'] = each.xpath("./td[2]/text()").extract()[0]
IndexError: list index out of range
2019-02-15 15:59:50 [scrapy.core.engine] INFO: Closing spider (finished)
2019-02-15 15:59:50 [scrapy.statscollectors] INFO: Dumping Scrapy stats:
{'downloader/request_bytes': 112739,
 'downloader/request_count': 283,
 'downloader/request_method_count/GET': 283,
 'downloader/response_bytes': 1152219,
 'downloader/response_count': 283,
 'downloader/response_status_count/200': 283,
 'dupefilter/filtered': 1843,
 'finish_reason': 'finished',
 'finish_time': datetime.datetime(2019, 2, 15, 6, 59, 50, 724690),
 'item_scraped_count': 2737,
 'log_count/ERROR': 16,
 'log_count/INFO': 8,
 'request_depth_max': 42,
 'response_received_count': 283,
 'scheduler/dequeued': 282,
 'scheduler/dequeued/memory': 282,
 'scheduler/enqueued': 282,
 'scheduler/enqueued/memory': 282,
 'spider_exceptions/IndexError': 16,
 'start_time': datetime.datetime(2019, 2, 15, 6, 59, 24, 681235)}
2019-02-15 15:59:50 [scrapy.core.engine] INFO: Spider closed (finished)
